0 info it worked if it ends with ok
1 verbose cli [ '/Users/ttaylor/.nvm/versions/node/v6.12.3/bin/node',
1 verbose cli   '/Users/ttaylor/.nvm/versions/node/v6.12.3/bin/npm',
1 verbose cli   'run',
1 verbose cli   'babel' ]
2 info using npm@3.10.10
3 info using node@v6.12.3
4 verbose run-script [ 'prebabel', 'babel', 'postbabel' ]
5 info lifecycle algorand-js-babel@1.0.0~prebabel: algorand-js-babel@1.0.0
6 silly lifecycle algorand-js-babel@1.0.0~prebabel: no script for prebabel, continuing
7 info lifecycle algorand-js-babel@1.0.0~babel: algorand-js-babel@1.0.0
8 verbose lifecycle algorand-js-babel@1.0.0~babel: unsafe-perm in lifecycle true
9 verbose lifecycle algorand-js-babel@1.0.0~babel: PATH: /Users/ttaylor/.nvm/versions/node/v6.12.3/lib/node_modules/npm/bin/node-gyp-bin:/Users/ttaylor/algorand/algorand-js-babel/node_modules/.bin:/Users/ttaylor/Library/Python/2.7/bin:/Applications/Visual Studio Code.app/Contents/Resources/app/bin:/Users/ttaylor/bin:/Users/ttaylor/.nvm/versions/node/v6.12.3/bin:/usr/local/bin:/usr/bin:/bin:/usr/sbin:/sbin
10 verbose lifecycle algorand-js-babel@1.0.0~babel: CWD: /Users/ttaylor/algorand/algorand-js-babel
11 silly lifecycle algorand-js-babel@1.0.0~babel: Args: [ '-c', 'babel src --out-dir build/' ]
12 silly lifecycle algorand-js-babel@1.0.0~babel: Returned: code: 1  signal: null
13 info lifecycle algorand-js-babel@1.0.0~babel: Failed to exec babel script
14 verbose stack Error: algorand-js-babel@1.0.0 babel: `babel src --out-dir build/`
14 verbose stack Exit status 1
14 verbose stack     at EventEmitter.<anonymous> (/Users/ttaylor/.nvm/versions/node/v6.12.3/lib/node_modules/npm/lib/utils/lifecycle.js:255:16)
14 verbose stack     at emitTwo (events.js:106:13)
14 verbose stack     at EventEmitter.emit (events.js:191:7)
14 verbose stack     at ChildProcess.<anonymous> (/Users/ttaylor/.nvm/versions/node/v6.12.3/lib/node_modules/npm/lib/utils/spawn.js:40:14)
14 verbose stack     at emitTwo (events.js:106:13)
14 verbose stack     at ChildProcess.emit (events.js:191:7)
14 verbose stack     at maybeClose (internal/child_process.js:920:16)
14 verbose stack     at Process.ChildProcess._handle.onexit (internal/child_process.js:230:5)
15 verbose pkgid algorand-js-babel@1.0.0
16 verbose cwd /Users/ttaylor/algorand/algorand-js-babel
17 error Darwin 18.6.0
18 error argv "/Users/ttaylor/.nvm/versions/node/v6.12.3/bin/node" "/Users/ttaylor/.nvm/versions/node/v6.12.3/bin/npm" "run" "babel"
19 error node v6.12.3
20 error npm  v3.10.10
21 error code ELIFECYCLE
22 error algorand-js-babel@1.0.0 babel: `babel src --out-dir build/`
22 error Exit status 1
23 error Failed at the algorand-js-babel@1.0.0 babel script 'babel src --out-dir build/'.
23 error Make sure you have the latest version of node.js and npm installed.
23 error If you do, this is most likely a problem with the algorand-js-babel package,
23 error not with npm itself.
23 error Tell the author that this fails on your system:
23 error     babel src --out-dir build/
23 error You can get information on how to open an issue for this project with:
23 error     npm bugs algorand-js-babel
23 error Or if that isn't available, you can get their info via:
23 error     npm owner ls algorand-js-babel
23 error There is likely additional logging output above.
24 verbose exit [ 1, true ]
